Determining if the function sgemm_ exists failed with the following output:
Change Dir: /home/iliass/Lidarcpp/CMakeFiles/CMakeScratch/TryCompile-wHGF1p

Run Build Command(s):/usr/bin/gmake -f Makefile cmTC_017e0/fast && gmake[1]: Entering directory '/home/iliass/Lidarcpp/CMakeFiles/CMakeScratch/TryCompile-wHGF1p'
/usr/bin/gmake  -f CMakeFiles/cmTC_017e0.dir/build.make CMakeFiles/cmTC_017e0.dir/build
gmake[2]: Entering directory '/home/iliass/Lidarcpp/CMakeFiles/CMakeScratch/TryCompile-wHGF1p'
Building C object CMakeFiles/cmTC_017e0.dir/CheckFunctionExists.c.o
/usr/bin/cc   -DCHECK_FUNCTION_EXISTS=sgemm_ -o CMakeFiles/cmTC_017e0.dir/CheckFunctionExists.c.o -c /home/iliass/Lidarcpp/CMakeFiles/CMakeScratch/TryCompile-wHGF1p/CheckFunctionExists.c
Linking C executable cmTC_017e0
/usr/bin/cmake -E cmake_link_script CMakeFiles/cmTC_017e0.dir/link.txt --verbose=1
/usr/bin/cc  -DCHECK_FUNCTION_EXISTS=sgemm_ CMakeFiles/cmTC_017e0.dir/CheckFunctionExists.c.o -o cmTC_017e0 
/usr/bin/ld: CMakeFiles/cmTC_017e0.dir/CheckFunctionExists.c.o: in function `main':
CheckFunctionExists.c:(.text+0x10): undefined reference to `sgemm_'
collect2: error: ld returned 1 exit status
gmake[2]: *** [CMakeFiles/cmTC_017e0.dir/build.make:99: cmTC_017e0] Error 1
gmake[2]: Leaving directory '/home/iliass/Lidarcpp/CMakeFiles/CMakeScratch/TryCompile-wHGF1p'
gmake[1]: *** [Makefile:127: cmTC_017e0/fast] Error 2
gmake[1]: Leaving directory '/home/iliass/Lidarcpp/CMakeFiles/CMakeScratch/TryCompile-wHGF1p'



Determining if the function cheev_ exists failed with the following output:
Change Dir: /home/iliass/Lidarcpp/CMakeFiles/CMakeScratch/TryCompile-KaRnkZ

Run Build Command(s):/usr/bin/gmake -f Makefile cmTC_32ae4/fast && gmake[1]: Entering directory '/home/iliass/Lidarcpp/CMakeFiles/CMakeScratch/TryCompile-KaRnkZ'
/usr/bin/gmake  -f CMakeFiles/cmTC_32ae4.dir/build.make CMakeFiles/cmTC_32ae4.dir/build
gmake[2]: Entering directory '/home/iliass/Lidarcpp/CMakeFiles/CMakeScratch/TryCompile-KaRnkZ'
Building C object CMakeFiles/cmTC_32ae4.dir/CheckFunctionExists.c.o
/usr/bin/cc   -DCHECK_FUNCTION_EXISTS=cheev_ -o CMakeFiles/cmTC_32ae4.dir/CheckFunctionExists.c.o -c /home/iliass/Lidarcpp/CMakeFiles/CMakeScratch/TryCompile-KaRnkZ/CheckFunctionExists.c
Linking C executable cmTC_32ae4
/usr/bin/cmake -E cmake_link_script CMakeFiles/cmTC_32ae4.dir/link.txt --verbose=1
/usr/bin/cc  -DCHECK_FUNCTION_EXISTS=cheev_ CMakeFiles/cmTC_32ae4.dir/CheckFunctionExists.c.o -o cmTC_32ae4  /usr/lib/x86_64-linux-gnu/libblas.so /usr/lib/x86_64-linux-gnu/libf77blas.so /usr/lib/x86_64-linux-gnu/libatlas.so -lm -ldl 
/usr/bin/ld: CMakeFiles/cmTC_32ae4.dir/CheckFunctionExists.c.o: in function `main':
CheckFunctionExists.c:(.text+0x10): undefined reference to `cheev_'
collect2: error: ld returned 1 exit status
gmake[2]: *** [CMakeFiles/cmTC_32ae4.dir/build.make:102: cmTC_32ae4] Error 1
gmake[2]: Leaving directory '/home/iliass/Lidarcpp/CMakeFiles/CMakeScratch/TryCompile-KaRnkZ'
gmake[1]: *** [Makefile:127: cmTC_32ae4/fast] Error 2
gmake[1]: Leaving directory '/home/iliass/Lidarcpp/CMakeFiles/CMakeScratch/TryCompile-KaRnkZ'



